<?xml version="1.0" encoding="UTF-8"?>
<!-- Generated by org.testng.reporters.JUnitXMLReporter -->
<testsuite ignored="0" hostname="LAPTOP-LM2N200G" failures="0" tests="5" name="Default test" time="296.106" errors="0" timestamp="2021-10-20T17:08:43 IST">
  <testcase classname="akash.qualicaoch.adminlogpage$AdminLoginPage" name="createUser" time="58.271"/>
  <testcase classname="akash.qualicaoch.adminlogpage$AdminLoginPage" name="editUser" time="56.841"/>
  <testcase classname="akash.qualicaoch.adminlogpage$AdminLoginPage" name="deleteUser" time="42.983"/>
  <testcase classname="akash.qualicaoch.adminlogpage$AdminLoginPage" name="createcourse" time="101.596"/>
  <testcase classname="akash.qualicaoch.adminlogpage$AdminLoginPage" name="downloadReport" time="36.295"/>
</testsuite> <!-- Default test -->
